C:\USERS\CONSCIENCE\DOCUMENTS\VISUAL STUDIO 2012\PROJECTS\EXAMPLEOPENGL\EXAMPLEOPENGL\DEBUG\EXAMPLEOPENGL.PCH
C:\USERS\CONSCIENCE\DOCUMENTS\VISUAL STUDIO 2012\PROJECTS\EXAMPLEOPENGL\EXAMPLEOPENGL\DEBUG\STDAFX.OBJ
C:\USERS\CONSCIENCE\DOCUMENTS\VISUAL STUDIO 2012\PROJECTS\EXAMPLEOPENGL\EXAMPLEOPENGL\DEBUG\VC110.PDB
C:\USERS\CONSCIENCE\DOCUMENTS\VISUAL STUDIO 2012\PROJECTS\EXAMPLEOPENGL\EXAMPLEOPENGL\DEBUG\EXAMPLEOPENGL.OBJ
C:\USERS\CONSCIENCE\DOCUMENTS\VISUAL STUDIO 2012\PROJECTS\EXAMPLEOPENGL\DEBUG\EXAMPLEOPENGL.ILK
C:\USERS\CONSCIENCE\DOCUMENTS\VISUAL STUDIO 2012\PROJECTS\EXAMPLEOPENGL\DEBUG\EXAMPLEOPENGL.EXE
C:\USERS\CONSCIENCE\DOCUMENTS\VISUAL STUDIO 2012\PROJECTS\EXAMPLEOPENGL\DEBUG\EXAMPLEOPENGL.PDB
C:\Users\Conscience\Documents\Visual Studio 2012\Projects\ExampleOpenGl\ExampleOpenGl\Debug\ExampleOpenGl.obj
C:\Users\Conscience\Documents\Visual Studio 2012\Projects\ExampleOpenGl\ExampleOpenGl\Debug\stdafx.obj
C:\Users\Conscience\Documents\Visual Studio 2012\Projects\ExampleOpenGl\ExampleOpenGl\Debug\cl.command.1.tlog
C:\Users\Conscience\Documents\Visual Studio 2012\Projects\ExampleOpenGl\ExampleOpenGl\Debug\CL.read.1.tlog
C:\Users\Conscience\Documents\Visual Studio 2012\Projects\ExampleOpenGl\ExampleOpenGl\Debug\CL.write.1.tlog
C:\Users\Conscience\Documents\Visual Studio 2012\Projects\ExampleOpenGl\ExampleOpenGl\Debug\link-cvtres.read.1.tlog
C:\Users\Conscience\Documents\Visual Studio 2012\Projects\ExampleOpenGl\ExampleOpenGl\Debug\link-cvtres.write.1.tlog
C:\Users\Conscience\Documents\Visual Studio 2012\Projects\ExampleOpenGl\ExampleOpenGl\Debug\link-rc.read.1.tlog
C:\Users\Conscience\Documents\Visual Studio 2012\Projects\ExampleOpenGl\ExampleOpenGl\Debug\link-rc.write.1.tlog
C:\Users\Conscience\Documents\Visual Studio 2012\Projects\ExampleOpenGl\ExampleOpenGl\Debug\link.2484-cvtres.read.1.tlog
C:\Users\Conscience\Documents\Visual Studio 2012\Projects\ExampleOpenGl\ExampleOpenGl\Debug\link.2484-cvtres.write.1.tlog
C:\Users\Conscience\Documents\Visual Studio 2012\Projects\ExampleOpenGl\ExampleOpenGl\Debug\link.2484-rc.read.1.tlog
C:\Users\Conscience\Documents\Visual Studio 2012\Projects\ExampleOpenGl\ExampleOpenGl\Debug\link.2484-rc.write.1.tlog
C:\Users\Conscience\Documents\Visual Studio 2012\Projects\ExampleOpenGl\ExampleOpenGl\Debug\link.2484.read.1.tlog
C:\Users\Conscience\Documents\Visual Studio 2012\Projects\ExampleOpenGl\ExampleOpenGl\Debug\link.2484.write.1.tlog
C:\Users\Conscience\Documents\Visual Studio 2012\Projects\ExampleOpenGl\ExampleOpenGl\Debug\link.3236-cvtres.read.1.tlog
C:\Users\Conscience\Documents\Visual Studio 2012\Projects\ExampleOpenGl\ExampleOpenGl\Debug\link.3236-cvtres.write.1.tlog
C:\Users\Conscience\Documents\Visual Studio 2012\Projects\ExampleOpenGl\ExampleOpenGl\Debug\link.3236-rc.read.1.tlog
C:\Users\Conscience\Documents\Visual Studio 2012\Projects\ExampleOpenGl\ExampleOpenGl\Debug\link.3236-rc.write.1.tlog
C:\Users\Conscience\Documents\Visual Studio 2012\Projects\ExampleOpenGl\ExampleOpenGl\Debug\link.3236.read.1.tlog
C:\Users\Conscience\Documents\Visual Studio 2012\Projects\ExampleOpenGl\ExampleOpenGl\Debug\link.3236.write.1.tlog
C:\Users\Conscience\Documents\Visual Studio 2012\Projects\ExampleOpenGl\ExampleOpenGl\Debug\link.command.1.tlog
C:\Users\Conscience\Documents\Visual Studio 2012\Projects\ExampleOpenGl\ExampleOpenGl\Debug\link.read.1.tlog
C:\Users\Conscience\Documents\Visual Studio 2012\Projects\ExampleOpenGl\ExampleOpenGl\Debug\link.write.1.tlog
C:\Users\Conscience\Documents\Visual Studio 2012\Projects\ExampleOpenGl\ExampleOpenGl\Debug\ExampleOpenGl.pch
C:\Users\Conscience\Documents\Visual Studio 2012\Projects\ExampleOpenGl\ExampleOpenGl\Debug\vc110.idb
C:\Users\Conscience\Documents\Visual Studio 2012\Projects\ExampleOpenGl\ExampleOpenGl\Debug\vc110.pdb
C:\Users\Conscience\Documents\Visual Studio 2012\Projects\ExampleOpenGl\Debug\ExampleOpenGl.pdb
C:\Users\Conscience\Documents\Visual Studio 2012\Projects\ExampleOpenGl\Debug\ExampleOpenGl.exe
C:\Users\Conscience\Documents\Visual Studio 2012\Projects\ExampleOpenGl\Debug\ExampleOpenGl.ilk
